<?xml version="1.0" encoding="UTF-8"?>
<testng-results ignored="0" total="3" passed="3" failed="0" skipped="0">
  <reporter-output>
  </reporter-output>
  <suite started-at="2021-12-11T22:02:54 IST" name="Ladbrokes" finished-at="2021-12-11T22:04:05 IST" duration-ms="71337">
    <groups>
      <group name="cucumber">
        <method signature="AbstractTestNGCucumberTests.runScenario(io.cucumber.testng.PickleWrapper, io.cucumber.testng.FeatureWrapper)[pri:0, instance:cucumberOptions.TestRunner@701fc37a]" name="runScenario" class="io.cucumber.testng.AbstractTestNGCucumberTests"/>
      </group> <!-- cucumber -->
    </groups>
    <test started-at="2021-12-11T22:02:54 IST" name="Test" finished-at="2021-12-11T22:04:05 IST" duration-ms="71337">
      <class name="cucumberOptions.TestRunner">
        <test-method is-config="true" signature="setUpClass()[pri:0, instance:cucumberOptions.TestRunner@701fc37a]" started-at="2021-12-11T22:02:54 IST" name="setUpClass" finished-at="2021-12-11T22:02:54 IST" duration-ms="261" status="PASS">
          <reporter-output>
          </reporter-output>
        </test-method> <!-- setUpClass -->
        <test-method signature="runScenario(io.cucumber.testng.PickleWrapper, io.cucumber.testng.FeatureWrapper)[pri:0, instance:cucumberOptions.TestRunner@701fc37a]" started-at="2021-12-11T22:02:54 IST" name="runScenario" description="Runs Cucumber Scenarios" data-provider="scenarios" finished-at="2021-12-11T22:03:07 IST" duration-ms="12650" status="PASS">
          <params>
            <param index="0">
              <value>
                <![CDATA["Journey 1"]]>
              </value>
            </param>
            <param index="1">
              <value>
                <![CDATA["Optional[Ladbrokes functionality]"]]>
              </value>
            </param>
          </params>
          <reporter-output>
          </reporter-output>
        </test-method> <!-- runScenario -->
        <test-method signature="runScenario(io.cucumber.testng.PickleWrapper, io.cucumber.testng.FeatureWrapper)[pri:0, instance:cucumberOptions.TestRunner@701fc37a]" started-at="2021-12-11T22:03:07 IST" name="runScenario" description="Runs Cucumber Scenarios" data-provider="scenarios" finished-at="2021-12-11T22:03:19 IST" duration-ms="12606" status="PASS">
          <params>
            <param index="0">
              <value>
                <![CDATA["Journey 2"]]>
              </value>
            </param>
            <param index="1">
              <value>
                <![CDATA["Optional[Ladbrokes functionality]"]]>
              </value>
            </param>
          </params>
          <reporter-output>
          </reporter-output>
        </test-method> <!-- runScenario -->
        <test-method signature="runScenario(io.cucumber.testng.PickleWrapper, io.cucumber.testng.FeatureWrapper)[pri:0, instance:cucumberOptions.TestRunner@701fc37a]" started-at="2021-12-11T22:03:19 IST" name="runScenario" description="Runs Cucumber Scenarios" data-provider="scenarios" finished-at="2021-12-11T22:04:05 IST" duration-ms="45726" status="PASS">
          <params>
            <param index="0">
              <value>
                <![CDATA["Journey 3"]]>
              </value>
            </param>
            <param index="1">
              <value>
                <![CDATA["Optional[Ladbrokes functionality]"]]>
              </value>
            </param>
          </params>
          <reporter-output>
          </reporter-output>
        </test-method> <!-- runScenario -->
        <test-method is-config="true" signature="tearDownClass()[pri:0, instance:cucumberOptions.TestRunner@701fc37a]" started-at="2021-12-11T22:04:05 IST" name="tearDownClass" finished-at="2021-12-11T22:04:05 IST" duration-ms="61" status="PASS">
          <reporter-output>
          </reporter-output>
        </test-method> <!-- tearDownClass -->
      </class> <!-- cucumberOptions.TestRunner -->
    </test> <!-- Test -->
  </suite> <!-- Ladbrokes -->
</testng-results>
